<?xml version="1.0" encoding="UTF-8"?>
<!-- Generated by org.testng.reporters.JUnitReportReporter -->
<testsuite hostname="LaptopThu" failures="0" tests="3" name="testcase.TestResidentManage" time="5.306" errors="0" timestamp="13 Apr 2025 17:06:44 GMT" skipped="0">
  <testcase classname="testcase.TestResidentManage" name="Resident_TC_02" time="1.535"/>
  <testcase classname="testcase.TestResidentManage" name="Resident_TC_01" time="2.953"/>
  <testcase classname="testcase.TestResidentManage" name="Resident_TC_03" time="0.818"/>
</testsuite> <!-- testcase.TestResidentManage -->
