<?xml version="1.0" encoding="UTF-8"?>
<!-- Generated by org.testng.reporters.JUnitReportReporter -->
<testsuite hostname="LaptopThu" failures="0" tests="3" name="testcase.TestBuildingBlockPage" time="35.609" errors="0" timestamp="13 Apr 2025 17:06:44 GMT" skipped="0">
  <testcase classname="testcase.TestBuildingBlockPage" name="Building_TC_02" time="17.048"/>
  <testcase classname="testcase.TestBuildingBlockPage" name="Building_TC_01" time="1.945"/>
  <testcase classname="testcase.TestBuildingBlockPage" name="Building_TC_03" time="16.616"/>
</testsuite> <!-- testcase.TestBuildingBlockPage -->
