<?xml version="1.0" encoding="UTF-8"?>
<!-- Generated by org.testng.reporters.JUnitReportReporter -->
<testsuite hostname="LaptopThu" failures="0" tests="3" name="testcase.TestIncomeItem" time="4.598" errors="0" timestamp="13 Apr 2025 17:06:44 GMT" skipped="0">
  <testcase classname="testcase.TestIncomeItem" name="IncomeItem_TC_03" time="0.915"/>
  <testcase classname="testcase.TestIncomeItem" name="IncomeItem_TC_01" time="2.396"/>
  <testcase classname="testcase.TestIncomeItem" name="IncomeItem_TC_02" time="1.287"/>
</testsuite> <!-- testcase.TestIncomeItem -->
