<?xml version="1.0" encoding="UTF-8"?>
<!-- Generated by org.testng.reporters.JUnitReportReporter -->
<testsuite hostname="LaptopThu" failures="0" tests="3" name="testcase.TestProjectManage" time="10.651" errors="0" timestamp="13 Apr 2025 17:06:44 GMT" skipped="0">
  <testcase classname="testcase.TestProjectManage" name="Project_TC_02" time="4.395"/>
  <testcase classname="testcase.TestProjectManage" name="Project_TC_03" time="4.144"/>
  <testcase classname="testcase.TestProjectManage" name="Project_TC_01" time="2.112"/>
</testsuite> <!-- testcase.TestProjectManage -->
