<?xml version="1.0" encoding="UTF-8"?>
<!-- Generated by org.testng.reporters.JUnitReportReporter -->
<testsuite hostname="LaptopThu" failures="0" tests="3" name="testcase.TestLogin" time="4.841" errors="0" timestamp="13 Apr 2025 17:06:44 GMT" skipped="0">
  <testcase classname="testcase.TestLogin" name="Login_TC_01" time="0.704"/>
  <testcase classname="testcase.TestLogin" name="Login_TC_02" time="1.829"/>
  <testcase classname="testcase.TestLogin" name="Login_TC_03" time="2.308"/>
</testsuite> <!-- testcase.TestLogin -->
